<?xml version="1.0" encoding="UTF-8"?>
<!-- Generated by org.testng.reporters.JUnitReportReporter -->
<testsuite hostname="MADDPRAS-M-22Q7" failures="0" tests="1" name="com.tests.NewTest" time="0.018" errors="0" timestamp="2024-12-23T11:32:16 IST" skipped="0">
  <testcase classname="com.tests.NewTest" name="f" time="0.018"/>
  <system-out/>
</testsuite> <!-- com.tests.NewTest -->
