<?xml version="1.0" encoding="UTF-8"?>
<!-- Generated by org.testng.reporters.JUnitReportReporter -->
<testsuite hostname="MADDPRAS-M-22Q7" failures="0" tests="2" name="com.tests.FlightSearchTest" time="0.924" errors="0" timestamp="2024-12-30T12:28:31 IST" skipped="0">
  <testcase classname="com.tests.FlightSearchTest" name="FlightTest" time="0.514"/>
  <system-out/>
  <testcase classname="com.tests.FlightSearchTest" name="testLogin" time="0.410"/>
  <system-out/>
</testsuite> <!-- com.tests.FlightSearchTest -->
