<?xml version="1.0" encoding="UTF-8"?>
<!-- Generated by org.testng.reporters.JUnitReportReporter -->
<testsuite hostname="MADDPRAS-M-22Q7" failures="0" tests="7" name="com.tests.FlyAwayTests" time="1.313" errors="0" timestamp="2024-12-30T12:28:57 IST" skipped="0">
  <testcase classname="com.tests.FlyAwayTests" name="validateBookingLinks" time="0.030"/>
  <system-out/>
  <testcase classname="com.tests.FlyAwayTests" name="validateStatusCode405" time="0.019"/>
  <system-out/>
  <testcase classname="com.tests.FlyAwayTests" name="validateResponseTime" time="0.051"/>
  <system-out/>
  <testcase classname="com.tests.FlyAwayTests" name="validateCopyrightNotice" time="0.034"/>
  <system-out/>
  <testcase classname="com.tests.FlyAwayTests" name="validateStatusCode200" time="0.029"/>
  <system-out/>
  <testcase classname="com.tests.FlyAwayTests" name="validateBookingDetailsPresence" time="1.137"/>
  <system-out/>
  <testcase classname="com.tests.FlyAwayTests" name="validateLinksPresence" time="0.013"/>
  <system-out/>
</testsuite> <!-- com.tests.FlyAwayTests -->
